{"C:\\Users\\ASUS\\OneDrive\\Desktop\\Namaste React\\src\\components\\Contact.js": {"path":"C:\\Users\\ASUS\\OneDrive\\Desktop\\Namaste React\\src\\components\\Contact.js","statementMap":{"0":{"start":{"line":3,"column":16},"end":{"line":15,"column":1}},"1":{"start":{"line":4,"column":4},"end":{"line":14,"column":5}}},"fnMap":{"0":{"name":"(anonymous_0)","decl":{"start":{"line":3,"column":16},"end":{"line":3,"column":17}},"loc":{"start":{"line":3,"column":22},"end":{"line":15,"column":1}},"line":3}},"branchMap":{},"s":{"0":1,"1":1},"f":{"0":1},"b":{},"_coverageSchema":"1a1c01bbd47fc00a2c39e90264f33305004495a9","hash":"bc2795565b59a7d4d58e4817c09960d477893c0e"}
}
